<?xml version="1.0" encoding="UTF-8"?>
<testng-results ignored="0" total="1" passed="1" failed="0" skipped="0">
  <reporter-output>
  </reporter-output>
  <suite started-at="2023-02-22T13:54:55 EST" name="CalculatorOperations" finished-at="2023-02-22T13:55:10 EST" duration-ms="15641">
    <groups>
    </groups>
    <test started-at="2023-02-22T13:54:55 EST" name="FormulaExecution" finished-at="2023-02-22T13:55:10 EST" duration-ms="15641">
      <class name="Tests.CalculationTests">
        <test-method is-config="true" signature="browserlaunch()[pri:0, instance:Tests.CalculationTests@f0da945]" started-at="2023-02-22T13:54:55 EST" name="browserlaunch" finished-at="2023-02-22T13:55:00 EST" duration-ms="5795" status="PASS">
          <reporter-output>
          </reporter-output>
        </test-method> <!-- browserlaunch -->
        <test-method signature="Execution()[pri:0, instance:Tests.CalculationTests@f0da945]" started-at="2023-02-22T13:55:01 EST" name="Execution" finished-at="2023-02-22T13:55:10 EST" duration-ms="9520" status="PASS">
          <reporter-output>
          </reporter-output>
        </test-method> <!-- Execution -->
        <test-method is-config="true" signature="screenshot(org.testng.ITestResult)[pri:0, instance:Tests.CalculationTests@f0da945]" started-at="2023-02-22T13:55:10 EST" name="screenshot" finished-at="2023-02-22T13:55:10 EST" duration-ms="2" status="PASS">
          <params>
            <param index="0">
              <value>
                <![CDATA[[TestResult name=Execution status=SUCCESS method=CalculationTests.Execution()[pri:0, instance:Tests.CalculationTests@f0da945] output={null}]]]>
              </value>
            </param>
          </params>
          <reporter-output>
          </reporter-output>
        </test-method> <!-- screenshot -->
        <test-method is-config="true" signature="closeBrowser()[pri:0, instance:Tests.CalculationTests@f0da945]" started-at="2023-02-22T13:55:10 EST" name="closeBrowser" finished-at="2023-02-22T13:55:10 EST" duration-ms="269" status="PASS">
          <reporter-output>
          </reporter-output>
        </test-method> <!-- closeBrowser -->
      </class> <!-- Tests.CalculationTests -->
    </test> <!-- FormulaExecution -->
  </suite> <!-- CalculatorOperations -->
</testng-results>
